{
  "uid" : "15c1ca218b59800e",
  "name" : "test_adjacent_square[input_array9-expected_result9]",
  "fullName" : "src.test.java.challenges.adjacentSquare.test_adjacent_square#test_adjacent_square",
  "historyId" : "f1db67065cbf31f3d13e6b48b21731d4",
  "time" : {
    "start" : 1618441741382,
    "stop" : 1618441741382,
    "duration" : 0
  },
  "status" : "skipped",
  "statusMessage" : "Skipped: TODO: no way of currently testing this",
  "statusTrace" : "('/home/runner/work/codeSignTest/codeSignTest/src/test/java/challenges/adjacentSquare/test_adjacent_square.py', 20, 'Skipped: TODO: no way of currently testing this')",
  "flaky" : false,
  "newFailed" : false,
  "beforeStages" : [ ],
  "afterStages" : [ ],
  "labels" : [ {
    "name" : "tag",
    "value" : "@pytest.mark.skip(reason='TODO: no way of currently testing this')"
  }, {
    "name" : "parentSuite",
    "value" : "src.test.java.challenges.adjacentSquare"
  }, {
    "name" : "suite",
    "value" : "test_adjacent_square"
  }, {
    "name" : "host",
    "value" : "fv-az129-306"
  }, {
    "name" : "thread",
    "value" : "3039-MainThread"
  }, {
    "name" : "framework",
    "value" : "pytest"
  }, {
    "name" : "language",
    "value" : "cpython3"
  }, {
    "name" : "package",
    "value" : "src.test.java.challenges.adjacentSquare.test_adjacent_square"
  }, {
    "name" : "resultFormat",
    "value" : "allure2"
  } ],
  "parameters" : [ {
    "name" : "expected_result",
    "value" : "[0, 16, 9, 7, 2, 14]"
  }, {
    "name" : "input_array",
    "value" : "[2, 7, 9, 0, 16, 14]"
  } ],
  "links" : [ ],
  "hidden" : false,
  "retry" : false,
  "extra" : {
    "severity" : "normal",
    "retries" : [ ],
    "categories" : [ ],
    "history" : {
      "statistic" : {
        "failed" : 2,
        "broken" : 0,
        "skipped" : 1,
        "passed" : 0,
        "unknown" : 0,
        "total" : 3
      },
      "items" : [ {
        "uid" : "c800365f28642515",
        "reportUrl" : "https://apetrovskiy.github.io/codeSignTest/4//#testresult/c800365f28642515",
        "status" : "failed",
        "statusDetails" : "AssertionError: assert [0, 16, 9, 7, 2, 14] == []\n  Left contains 6 more items, first extra item: 0\n  Use -v to get the full diff",
        "time" : {
          "start" : 1618441554921,
          "stop" : 1618441554921,
          "duration" : 0
        }
      }, {
        "uid" : "cbdf37c3b743af64",
        "reportUrl" : "https://apetrovskiy.github.io/codeSignTest/2//#testresult/cbdf37c3b743af64",
        "status" : "failed",
        "statusDetails" : "AssertionError: assert [0, 16, 9, 7, 2, 14] == []\n  Left contains 6 more items, first extra item: 0\n  Use -v to get the full diff",
        "time" : {
          "start" : 1618440184383,
          "stop" : 1618440184384,
          "duration" : 1
        }
      } ]
    },
    "tags" : [ "@pytest.mark.skip(reason='TODO: no way of currently testing this')" ]
  },
  "source" : "15c1ca218b59800e.json",
  "parameterValues" : [ "[0, 16, 9, 7, 2, 14]", "[2, 7, 9, 0, 16, 14]" ]
}