{
  "uid" : "36b2ae10409dc7bc",
  "name" : "test_adjacent_square[input_array3-expected_result3]",
  "fullName" : "src.test.java.challenges.adjacentSquare.test_adjacent_square#test_adjacent_square",
  "historyId" : "59b6ef36342d9d906ce244a42d93faae",
  "time" : {
    "start" : 1618441554897,
    "stop" : 1618441554898,
    "duration" : 1
  },
  "status" : "failed",
  "statusMessage" : "AssertionError: assert [6, 3, 1, 15] == []\n  Left contains 4 more items, first extra item: 6\n  Use -v to get the full diff",
  "statusTrace" : "input_array = [1, 3, 6, 15], expected_result = [6, 3, 1, 15]\n\n    @pytest.mark.parametrize(\"input_array,expected_result\", test_data)\n    def test_adjacent_square(input_array: List[int], expected_result: List[int]):\n>       assert expected_result == adjacentSquare(input_array)\nE       assert [6, 3, 1, 15] == []\nE         Left contains 4 more items, first extra item: 6\nE         Use -v to get the full diff\n\nsrc/test/java/challenges/adjacentSquare/test_adjacent_square.py:22: AssertionError",
  "flaky" : false,
  "newFailed" : false,
  "beforeStages" : [ ],
  "testStage" : {
    "status" : "failed",
    "statusMessage" : "AssertionError: assert [6, 3, 1, 15] == []\n  Left contains 4 more items, first extra item: 6\n  Use -v to get the full diff",
    "statusTrace" : "input_array = [1, 3, 6, 15], expected_result = [6, 3, 1, 15]\n\n    @pytest.mark.parametrize(\"input_array,expected_result\", test_data)\n    def test_adjacent_square(input_array: List[int], expected_result: List[int]):\n>       assert expected_result == adjacentSquare(input_array)\nE       assert [6, 3, 1, 15] == []\nE         Left contains 4 more items, first extra item: 6\nE         Use -v to get the full diff\n\nsrc/test/java/challenges/adjacentSquare/test_adjacent_square.py:22: AssertionError",
    "steps" : [ ],
    "attachments" : [ {
      "uid" : "524c1b52e2fd199c",
      "name" : "stdout",
      "source" : "524c1b52e2fd199c.txt",
      "type" : "text/plain",
      "size" : 26
    } ],
    "parameters" : [ ],
    "stepsCount" : 0,
    "attachmentsCount" : 1,
    "shouldDisplayMessage" : true,
    "hasContent" : true
  },
  "afterStages" : [ ],
  "labels" : [ {
    "name" : "parentSuite",
    "value" : "src.test.java.challenges.adjacentSquare"
  }, {
    "name" : "suite",
    "value" : "test_adjacent_square"
  }, {
    "name" : "host",
    "value" : "fv-az182-155"
  }, {
    "name" : "thread",
    "value" : "3010-MainThread"
  }, {
    "name" : "framework",
    "value" : "pytest"
  }, {
    "name" : "language",
    "value" : "cpython3"
  }, {
    "name" : "package",
    "value" : "src.test.java.challenges.adjacentSquare.test_adjacent_square"
  }, {
    "name" : "resultFormat",
    "value" : "allure2"
  } ],
  "parameters" : [ {
    "name" : "expected_result",
    "value" : "[6, 3, 1, 15]"
  }, {
    "name" : "input_array",
    "value" : "[1, 3, 6, 15]"
  } ],
  "links" : [ ],
  "hidden" : false,
  "retry" : false,
  "extra" : {
    "severity" : "normal",
    "retries" : [ ],
    "categories" : [ {
      "name" : "Product defects",
      "matchedStatuses" : [ ],
      "flaky" : false
    } ],
    "history" : {
      "statistic" : {
        "failed" : 2,
        "broken" : 0,
        "skipped" : 0,
        "passed" : 0,
        "unknown" : 0,
        "total" : 2
      },
      "items" : [ {
        "uid" : "776b213ff1e739f3",
        "reportUrl" : "https://apetrovskiy.github.io/codeSignTest/2//#testresult/776b213ff1e739f3",
        "status" : "failed",
        "statusDetails" : "AssertionError: assert [6, 3, 1, 15] == []\n  Left contains 4 more items, first extra item: 6\n  Use -v to get the full diff",
        "time" : {
          "start" : 1618440184359,
          "stop" : 1618440184359,
          "duration" : 0
        }
      } ]
    },
    "tags" : [ ]
  },
  "source" : "36b2ae10409dc7bc.json",
  "parameterValues" : [ "[6, 3, 1, 15]", "[1, 3, 6, 15]" ]
}