{
  "uid" : "7a3b15b9a3922034",
  "name" : "test_adjacent_square[input_array4-expected_result4]",
  "fullName" : "src.test.java.challenges.adjacentSquare.test_adjacent_square#test_adjacent_square",
  "historyId" : "3d97a82246a9a01d6f3c7ae4bc5b3a9b",
  "time" : {
    "start" : 1618442759104,
    "stop" : 1618442759104,
    "duration" : 0
  },
  "status" : "failed",
  "statusMessage" : "AssertionError: assert [6, 3, 1, 8] == []\n  Left contains 4 more items, first extra item: 6\n  Use -v to get the full diff",
  "statusTrace" : "input_array = [1, 3, 6, 8], expected_result = [6, 3, 1, 8]\n\n    @pytest.mark.parametrize(\"input_array,expected_result\", test_data)\n    def test_adjacent_square(input_array: List[int], expected_result: List[int]):\n>       assert expected_result == adjacentSquare(input_array)\nE       assert [6, 3, 1, 8] == []\nE         Left contains 4 more items, first extra item: 6\nE         Use -v to get the full diff\n\nsrc/test/java/challenges/adjacentSquare/test_adjacent_square.py:23: AssertionError",
  "flaky" : false,
  "newFailed" : false,
  "beforeStages" : [ ],
  "testStage" : {
    "status" : "failed",
    "statusMessage" : "AssertionError: assert [6, 3, 1, 8] == []\n  Left contains 4 more items, first extra item: 6\n  Use -v to get the full diff",
    "statusTrace" : "input_array = [1, 3, 6, 8], expected_result = [6, 3, 1, 8]\n\n    @pytest.mark.parametrize(\"input_array,expected_result\", test_data)\n    def test_adjacent_square(input_array: List[int], expected_result: List[int]):\n>       assert expected_result == adjacentSquare(input_array)\nE       assert [6, 3, 1, 8] == []\nE         Left contains 4 more items, first extra item: 6\nE         Use -v to get the full diff\n\nsrc/test/java/challenges/adjacentSquare/test_adjacent_square.py:23: AssertionError",
    "steps" : [ ],
    "attachments" : [ {
      "uid" : "fb07174b51263544",
      "name" : "stdout",
      "source" : "fb07174b51263544.txt",
      "type" : "text/plain",
      "size" : 33
    } ],
    "parameters" : [ ],
    "stepsCount" : 0,
    "attachmentsCount" : 1,
    "shouldDisplayMessage" : true,
    "hasContent" : true
  },
  "afterStages" : [ ],
  "labels" : [ {
    "name" : "parentSuite",
    "value" : "src.test.java.challenges.adjacentSquare"
  }, {
    "name" : "suite",
    "value" : "test_adjacent_square"
  }, {
    "name" : "host",
    "value" : "fv-az235-259"
  }, {
    "name" : "thread",
    "value" : "3139-MainThread"
  }, {
    "name" : "framework",
    "value" : "pytest"
  }, {
    "name" : "language",
    "value" : "cpython3"
  }, {
    "name" : "package",
    "value" : "src.test.java.challenges.adjacentSquare.test_adjacent_square"
  }, {
    "name" : "resultFormat",
    "value" : "allure2"
  } ],
  "parameters" : [ {
    "name" : "expected_result",
    "value" : "[6, 3, 1, 8]"
  }, {
    "name" : "input_array",
    "value" : "[1, 3, 6, 8]"
  } ],
  "links" : [ ],
  "hidden" : false,
  "retry" : false,
  "extra" : {
    "severity" : "normal",
    "retries" : [ ],
    "categories" : [ {
      "name" : "Product defects",
      "matchedStatuses" : [ ],
      "flaky" : false
    } ],
    "history" : {
      "statistic" : {
        "failed" : 4,
        "broken" : 0,
        "skipped" : 3,
        "passed" : 0,
        "unknown" : 0,
        "total" : 7
      },
      "items" : [ {
        "uid" : "c8480d5a71eb3878",
        "reportUrl" : "https://apetrovskiy.github.io/codeSignTest/8//#testresult/c8480d5a71eb3878",
        "status" : "failed",
        "statusDetails" : "AssertionError: assert [6, 3, 1, 8] == []\n  Left contains 4 more items, first extra item: 6\n  Use -v to get the full diff",
        "time" : {
          "start" : 1618442394522,
          "stop" : 1618442394523,
          "duration" : 1
        }
      }, {
        "uid" : "cdb216d78ba89267",
        "reportUrl" : "https://apetrovskiy.github.io/codeSignTest/7//#testresult/cdb216d78ba89267",
        "status" : "skipped",
        "statusDetails" : "Skipped: TODO: no way of currently testing this",
        "time" : {
          "start" : 1618442234479,
          "stop" : 1618442234479,
          "duration" : 0
        }
      }, {
        "uid" : "56c27403a7078c71",
        "reportUrl" : "https://apetrovskiy.github.io/codeSignTest/6//#testresult/56c27403a7078c71",
        "status" : "skipped",
        "statusDetails" : "Skipped: TODO: no way of currently testing this",
        "time" : {
          "start" : 1618441924151,
          "stop" : 1618441924151,
          "duration" : 0
        }
      }, {
        "uid" : "1643b15a00e678d1",
        "reportUrl" : "https://apetrovskiy.github.io/codeSignTest/5//#testresult/1643b15a00e678d1",
        "status" : "skipped",
        "statusDetails" : "Skipped: TODO: no way of currently testing this",
        "time" : {
          "start" : 1618441741374,
          "stop" : 1618441741374,
          "duration" : 0
        }
      }, {
        "uid" : "d0eabd00dfe2e9f7",
        "reportUrl" : "https://apetrovskiy.github.io/codeSignTest/4//#testresult/d0eabd00dfe2e9f7",
        "status" : "failed",
        "statusDetails" : "AssertionError: assert [6, 3, 1, 8] == []\n  Left contains 4 more items, first extra item: 6\n  Use -v to get the full diff",
        "time" : {
          "start" : 1618441554902,
          "stop" : 1618441554902,
          "duration" : 0
        }
      }, {
        "uid" : "962d9680faab8a48",
        "reportUrl" : "https://apetrovskiy.github.io/codeSignTest/2//#testresult/962d9680faab8a48",
        "status" : "failed",
        "statusDetails" : "AssertionError: assert [6, 3, 1, 8] == []\n  Left contains 4 more items, first extra item: 6\n  Use -v to get the full diff",
        "time" : {
          "start" : 1618440184363,
          "stop" : 1618440184364,
          "duration" : 1
        }
      } ]
    },
    "tags" : [ ]
  },
  "source" : "7a3b15b9a3922034.json",
  "parameterValues" : [ "[6, 3, 1, 8]", "[1, 3, 6, 8]" ]
}