{
  "uid" : "e6db0eedb9c6a5da",
  "name" : "test_adjacent_square[input_array3-expected_result3]",
  "fullName" : "src.test.java.challenges.adjacentSquare.test_adjacent_square#test_adjacent_square",
  "historyId" : "59b6ef36342d9d906ce244a42d93faae",
  "time" : {
    "start" : 1618442759100,
    "stop" : 1618442759101,
    "duration" : 1
  },
  "status" : "failed",
  "statusMessage" : "AssertionError: assert [6, 3, 1, 15] == []\n  Left contains 4 more items, first extra item: 6\n  Use -v to get the full diff",
  "statusTrace" : "input_array = [1, 3, 6, 15], expected_result = [6, 3, 1, 15]\n\n    @pytest.mark.parametrize(\"input_array,expected_result\", test_data)\n    def test_adjacent_square(input_array: List[int], expected_result: List[int]):\n>       assert expected_result == adjacentSquare(input_array)\nE       assert [6, 3, 1, 15] == []\nE         Left contains 4 more items, first extra item: 6\nE         Use -v to get the full diff\n\nsrc/test/java/challenges/adjacentSquare/test_adjacent_square.py:23: AssertionError",
  "flaky" : false,
  "newFailed" : false,
  "beforeStages" : [ ],
  "testStage" : {
    "status" : "failed",
    "statusMessage" : "AssertionError: assert [6, 3, 1, 15] == []\n  Left contains 4 more items, first extra item: 6\n  Use -v to get the full diff",
    "statusTrace" : "input_array = [1, 3, 6, 15], expected_result = [6, 3, 1, 15]\n\n    @pytest.mark.parametrize(\"input_array,expected_result\", test_data)\n    def test_adjacent_square(input_array: List[int], expected_result: List[int]):\n>       assert expected_result == adjacentSquare(input_array)\nE       assert [6, 3, 1, 15] == []\nE         Left contains 4 more items, first extra item: 6\nE         Use -v to get the full diff\n\nsrc/test/java/challenges/adjacentSquare/test_adjacent_square.py:23: AssertionError",
    "steps" : [ ],
    "attachments" : [ {
      "uid" : "5d867f547fbe6d24",
      "name" : "stdout",
      "source" : "5d867f547fbe6d24.txt",
      "type" : "text/plain",
      "size" : 26
    } ],
    "parameters" : [ ],
    "stepsCount" : 0,
    "attachmentsCount" : 1,
    "shouldDisplayMessage" : true,
    "hasContent" : true
  },
  "afterStages" : [ ],
  "labels" : [ {
    "name" : "parentSuite",
    "value" : "src.test.java.challenges.adjacentSquare"
  }, {
    "name" : "suite",
    "value" : "test_adjacent_square"
  }, {
    "name" : "host",
    "value" : "fv-az235-259"
  }, {
    "name" : "thread",
    "value" : "3139-MainThread"
  }, {
    "name" : "framework",
    "value" : "pytest"
  }, {
    "name" : "language",
    "value" : "cpython3"
  }, {
    "name" : "package",
    "value" : "src.test.java.challenges.adjacentSquare.test_adjacent_square"
  }, {
    "name" : "resultFormat",
    "value" : "allure2"
  } ],
  "parameters" : [ {
    "name" : "expected_result",
    "value" : "[6, 3, 1, 15]"
  }, {
    "name" : "input_array",
    "value" : "[1, 3, 6, 15]"
  } ],
  "links" : [ ],
  "hidden" : false,
  "retry" : false,
  "extra" : {
    "severity" : "normal",
    "retries" : [ ],
    "categories" : [ {
      "name" : "Product defects",
      "matchedStatuses" : [ ],
      "flaky" : false
    } ],
    "history" : {
      "statistic" : {
        "failed" : 4,
        "broken" : 0,
        "skipped" : 3,
        "passed" : 0,
        "unknown" : 0,
        "total" : 7
      },
      "items" : [ {
        "uid" : "b7ca212f40007dcf",
        "reportUrl" : "https://apetrovskiy.github.io/codeSignTest/8//#testresult/b7ca212f40007dcf",
        "status" : "failed",
        "statusDetails" : "AssertionError: assert [6, 3, 1, 15] == []\n  Left contains 4 more items, first extra item: 6\n  Use -v to get the full diff",
        "time" : {
          "start" : 1618442394518,
          "stop" : 1618442394518,
          "duration" : 0
        }
      }, {
        "uid" : "bd5306d1a08f21ad",
        "reportUrl" : "https://apetrovskiy.github.io/codeSignTest/7//#testresult/bd5306d1a08f21ad",
        "status" : "skipped",
        "statusDetails" : "Skipped: TODO: no way of currently testing this",
        "time" : {
          "start" : 1618442234477,
          "stop" : 1618442234477,
          "duration" : 0
        }
      }, {
        "uid" : "56faea3394eb3463",
        "reportUrl" : "https://apetrovskiy.github.io/codeSignTest/6//#testresult/56faea3394eb3463",
        "status" : "skipped",
        "statusDetails" : "Skipped: TODO: no way of currently testing this",
        "time" : {
          "start" : 1618441924150,
          "stop" : 1618441924150,
          "duration" : 0
        }
      }, {
        "uid" : "f962315e161839a3",
        "reportUrl" : "https://apetrovskiy.github.io/codeSignTest/5//#testresult/f962315e161839a3",
        "status" : "skipped",
        "statusDetails" : "Skipped: TODO: no way of currently testing this",
        "time" : {
          "start" : 1618441741372,
          "stop" : 1618441741372,
          "duration" : 0
        }
      }, {
        "uid" : "36b2ae10409dc7bc",
        "reportUrl" : "https://apetrovskiy.github.io/codeSignTest/4//#testresult/36b2ae10409dc7bc",
        "status" : "failed",
        "statusDetails" : "AssertionError: assert [6, 3, 1, 15] == []\n  Left contains 4 more items, first extra item: 6\n  Use -v to get the full diff",
        "time" : {
          "start" : 1618441554897,
          "stop" : 1618441554898,
          "duration" : 1
        }
      }, {
        "uid" : "776b213ff1e739f3",
        "reportUrl" : "https://apetrovskiy.github.io/codeSignTest/2//#testresult/776b213ff1e739f3",
        "status" : "failed",
        "statusDetails" : "AssertionError: assert [6, 3, 1, 15] == []\n  Left contains 4 more items, first extra item: 6\n  Use -v to get the full diff",
        "time" : {
          "start" : 1618440184359,
          "stop" : 1618440184359,
          "duration" : 0
        }
      } ]
    },
    "tags" : [ ]
  },
  "source" : "e6db0eedb9c6a5da.json",
  "parameterValues" : [ "[6, 3, 1, 15]", "[1, 3, 6, 15]" ]
}