{
  "uid" : "133da4847760a028",
  "name" : "test_adjacent_square[input_array7-expected_result7]",
  "fullName" : "src.test.java.challenges.adjacentSquare.test_adjacent_square#test_adjacent_square",
  "historyId" : "f1e1c50fe89950e525999002baf5e7c8",
  "time" : {
    "start" : 1618442394532,
    "stop" : 1618442394533,
    "duration" : 1
  },
  "status" : "failed",
  "statusMessage" : "AssertionError: assert [0, 0, 0, 1] == []\n  Left contains 4 more items, first extra item: 0\n  Use -v to get the full diff",
  "statusTrace" : "input_array = [1, 0, 0, 0], expected_result = [0, 0, 0, 1]\n\n    @pytest.mark.parametrize(\"input_array,expected_result\", test_data)\n    def test_adjacent_square(input_array: List[int], expected_result: List[int]):\n>       assert expected_result == adjacentSquare(input_array)\nE       assert [0, 0, 0, 1] == []\nE         Left contains 4 more items, first extra item: 0\nE         Use -v to get the full diff\n\nsrc/test/java/challenges/adjacentSquare/test_adjacent_square.py:23: AssertionError",
  "flaky" : false,
  "newFailed" : false,
  "beforeStages" : [ ],
  "testStage" : {
    "status" : "failed",
    "statusMessage" : "AssertionError: assert [0, 0, 0, 1] == []\n  Left contains 4 more items, first extra item: 0\n  Use -v to get the full diff",
    "statusTrace" : "input_array = [1, 0, 0, 0], expected_result = [0, 0, 0, 1]\n\n    @pytest.mark.parametrize(\"input_array,expected_result\", test_data)\n    def test_adjacent_square(input_array: List[int], expected_result: List[int]):\n>       assert expected_result == adjacentSquare(input_array)\nE       assert [0, 0, 0, 1] == []\nE         Left contains 4 more items, first extra item: 0\nE         Use -v to get the full diff\n\nsrc/test/java/challenges/adjacentSquare/test_adjacent_square.py:23: AssertionError",
    "steps" : [ ],
    "attachments" : [ {
      "uid" : "f3cd76efd0a4cb9",
      "name" : "stdout",
      "source" : "f3cd76efd0a4cb9.txt",
      "type" : "text/plain",
      "size" : 17
    } ],
    "parameters" : [ ],
    "stepsCount" : 0,
    "attachmentsCount" : 1,
    "shouldDisplayMessage" : true,
    "hasContent" : true
  },
  "afterStages" : [ ],
  "labels" : [ {
    "name" : "parentSuite",
    "value" : "src.test.java.challenges.adjacentSquare"
  }, {
    "name" : "suite",
    "value" : "test_adjacent_square"
  }, {
    "name" : "host",
    "value" : "fv-az275-575"
  }, {
    "name" : "thread",
    "value" : "3093-MainThread"
  }, {
    "name" : "framework",
    "value" : "pytest"
  }, {
    "name" : "language",
    "value" : "cpython3"
  }, {
    "name" : "package",
    "value" : "src.test.java.challenges.adjacentSquare.test_adjacent_square"
  }, {
    "name" : "resultFormat",
    "value" : "allure2"
  } ],
  "parameters" : [ {
    "name" : "expected_result",
    "value" : "[0, 0, 0, 1]"
  }, {
    "name" : "input_array",
    "value" : "[1, 0, 0, 0]"
  } ],
  "links" : [ ],
  "hidden" : false,
  "retry" : false,
  "extra" : {
    "severity" : "normal",
    "retries" : [ ],
    "categories" : [ {
      "name" : "Product defects",
      "matchedStatuses" : [ ],
      "flaky" : false
    } ],
    "history" : {
      "statistic" : {
        "failed" : 3,
        "broken" : 0,
        "skipped" : 3,
        "passed" : 0,
        "unknown" : 0,
        "total" : 6
      },
      "items" : [ {
        "uid" : "8318c9c1112edf5d",
        "reportUrl" : "https://apetrovskiy.github.io/codeSignTest/7//#testresult/8318c9c1112edf5d",
        "status" : "skipped",
        "statusDetails" : "Skipped: TODO: no way of currently testing this",
        "time" : {
          "start" : 1618442234483,
          "stop" : 1618442234483,
          "duration" : 0
        }
      }, {
        "uid" : "5ddd92fbdf706f9c",
        "reportUrl" : "https://apetrovskiy.github.io/codeSignTest/6//#testresult/5ddd92fbdf706f9c",
        "status" : "skipped",
        "statusDetails" : "Skipped: TODO: no way of currently testing this",
        "time" : {
          "start" : 1618441924155,
          "stop" : 1618441924155,
          "duration" : 0
        }
      }, {
        "uid" : "b371bb1aa7be5b69",
        "reportUrl" : "https://apetrovskiy.github.io/codeSignTest/5//#testresult/b371bb1aa7be5b69",
        "status" : "skipped",
        "statusDetails" : "Skipped: TODO: no way of currently testing this",
        "time" : {
          "start" : 1618441741379,
          "stop" : 1618441741379,
          "duration" : 0
        }
      }, {
        "uid" : "319dd4b44442423e",
        "reportUrl" : "https://apetrovskiy.github.io/codeSignTest/4//#testresult/319dd4b44442423e",
        "status" : "failed",
        "statusDetails" : "AssertionError: assert [0, 0, 0, 1] == []\n  Left contains 4 more items, first extra item: 0\n  Use -v to get the full diff",
        "time" : {
          "start" : 1618441554913,
          "stop" : 1618441554913,
          "duration" : 0
        }
      }, {
        "uid" : "751f52d06431fdf3",
        "reportUrl" : "https://apetrovskiy.github.io/codeSignTest/2//#testresult/751f52d06431fdf3",
        "status" : "failed",
        "statusDetails" : "AssertionError: assert [0, 0, 0, 1] == []\n  Left contains 4 more items, first extra item: 0\n  Use -v to get the full diff",
        "time" : {
          "start" : 1618440184374,
          "stop" : 1618440184375,
          "duration" : 1
        }
      } ]
    },
    "tags" : [ ]
  },
  "source" : "133da4847760a028.json",
  "parameterValues" : [ "[0, 0, 0, 1]", "[1, 0, 0, 0]" ]
}