{
  "uid" : "22b576c5552fd605",
  "name" : "test_adjacent_square[input_array8-expected_result8]",
  "fullName" : "src.test.java.challenges.adjacentSquare.test_adjacent_square#test_adjacent_square",
  "historyId" : "9ea00842818d71b101f2a8799928a7cb",
  "time" : {
    "start" : 1618442394536,
    "stop" : 1618442394536,
    "duration" : 0
  },
  "status" : "failed",
  "statusMessage" : "AssertionError: assert [1, 15, 10] == []\n  Left contains 3 more items, first extra item: 1\n  Use -v to get the full diff",
  "statusTrace" : "input_array = [10, 15, 1], expected_result = [1, 15, 10]\n\n    @pytest.mark.parametrize(\"input_array,expected_result\", test_data)\n    def test_adjacent_square(input_array: List[int], expected_result: List[int]):\n>       assert expected_result == adjacentSquare(input_array)\nE       assert [1, 15, 10] == []\nE         Left contains 3 more items, first extra item: 1\nE         Use -v to get the full diff\n\nsrc/test/java/challenges/adjacentSquare/test_adjacent_square.py:23: AssertionError",
  "flaky" : false,
  "newFailed" : false,
  "beforeStages" : [ ],
  "testStage" : {
    "status" : "failed",
    "statusMessage" : "AssertionError: assert [1, 15, 10] == []\n  Left contains 3 more items, first extra item: 1\n  Use -v to get the full diff",
    "statusTrace" : "input_array = [10, 15, 1], expected_result = [1, 15, 10]\n\n    @pytest.mark.parametrize(\"input_array,expected_result\", test_data)\n    def test_adjacent_square(input_array: List[int], expected_result: List[int]):\n>       assert expected_result == adjacentSquare(input_array)\nE       assert [1, 15, 10] == []\nE         Left contains 3 more items, first extra item: 1\nE         Use -v to get the full diff\n\nsrc/test/java/challenges/adjacentSquare/test_adjacent_square.py:23: AssertionError",
    "steps" : [ ],
    "attachments" : [ {
      "uid" : "b17e156998ef3916",
      "name" : "stdout",
      "source" : "b17e156998ef3916.txt",
      "type" : "text/plain",
      "size" : 20
    } ],
    "parameters" : [ ],
    "stepsCount" : 0,
    "attachmentsCount" : 1,
    "shouldDisplayMessage" : true,
    "hasContent" : true
  },
  "afterStages" : [ ],
  "labels" : [ {
    "name" : "parentSuite",
    "value" : "src.test.java.challenges.adjacentSquare"
  }, {
    "name" : "suite",
    "value" : "test_adjacent_square"
  }, {
    "name" : "host",
    "value" : "fv-az275-575"
  }, {
    "name" : "thread",
    "value" : "3093-MainThread"
  }, {
    "name" : "framework",
    "value" : "pytest"
  }, {
    "name" : "language",
    "value" : "cpython3"
  }, {
    "name" : "package",
    "value" : "src.test.java.challenges.adjacentSquare.test_adjacent_square"
  }, {
    "name" : "resultFormat",
    "value" : "allure2"
  } ],
  "parameters" : [ {
    "name" : "expected_result",
    "value" : "[1, 15, 10]"
  }, {
    "name" : "input_array",
    "value" : "[10, 15, 1]"
  } ],
  "links" : [ ],
  "hidden" : false,
  "retry" : false,
  "extra" : {
    "severity" : "normal",
    "retries" : [ ],
    "categories" : [ {
      "name" : "Product defects",
      "matchedStatuses" : [ ],
      "flaky" : false
    } ],
    "history" : {
      "statistic" : {
        "failed" : 3,
        "broken" : 0,
        "skipped" : 3,
        "passed" : 0,
        "unknown" : 0,
        "total" : 6
      },
      "items" : [ {
        "uid" : "3caba20996f0ae78",
        "reportUrl" : "https://apetrovskiy.github.io/codeSignTest/7//#testresult/3caba20996f0ae78",
        "status" : "skipped",
        "statusDetails" : "Skipped: TODO: no way of currently testing this",
        "time" : {
          "start" : 1618442234484,
          "stop" : 1618442234484,
          "duration" : 0
        }
      }, {
        "uid" : "ebf0e6e01afef911",
        "reportUrl" : "https://apetrovskiy.github.io/codeSignTest/6//#testresult/ebf0e6e01afef911",
        "status" : "skipped",
        "statusDetails" : "Skipped: TODO: no way of currently testing this",
        "time" : {
          "start" : 1618441924156,
          "stop" : 1618441924156,
          "duration" : 0
        }
      }, {
        "uid" : "66d0f8d1148c7cff",
        "reportUrl" : "https://apetrovskiy.github.io/codeSignTest/5//#testresult/66d0f8d1148c7cff",
        "status" : "skipped",
        "statusDetails" : "Skipped: TODO: no way of currently testing this",
        "time" : {
          "start" : 1618441741381,
          "stop" : 1618441741381,
          "duration" : 0
        }
      }, {
        "uid" : "f94af97e293abc73",
        "reportUrl" : "https://apetrovskiy.github.io/codeSignTest/4//#testresult/f94af97e293abc73",
        "status" : "failed",
        "statusDetails" : "AssertionError: assert [1, 15, 10] == []\n  Left contains 3 more items, first extra item: 1\n  Use -v to get the full diff",
        "time" : {
          "start" : 1618441554917,
          "stop" : 1618441554917,
          "duration" : 0
        }
      }, {
        "uid" : "5f5e935bbd95e6f2",
        "reportUrl" : "https://apetrovskiy.github.io/codeSignTest/2//#testresult/5f5e935bbd95e6f2",
        "status" : "failed",
        "statusDetails" : "AssertionError: assert [1, 15, 10] == []\n  Left contains 3 more items, first extra item: 1\n  Use -v to get the full diff",
        "time" : {
          "start" : 1618440184379,
          "stop" : 1618440184379,
          "duration" : 0
        }
      } ]
    },
    "tags" : [ ]
  },
  "source" : "22b576c5552fd605.json",
  "parameterValues" : [ "[1, 15, 10]", "[10, 15, 1]" ]
}